<?xml version="1.0" encoding="utf-8"?>
<TestRun id="88b51a2b-8b76-4c01-a695-764e42a31a3a" name="heni.fazzani@DL071118T 2019-05-06 12:10:03:777" runUser="POLIRIS\heni.fazzani" xmlns="http://microsoft.com/schemas/VisualStudio/TeamTest/2010">
  <Times creation="2019-05-06T12:10:03.7966758+02:00" queuing="2019-05-06T12:10:03.7966758+02:00" start="2019-05-06T12:09:54.6931135+02:00" finish="2019-05-06T12:10:30.9033390+02:00" />
  <TestSettings name="default" id="aafe8175-3458-42f9-969a-174026977320">
    <Deployment runDeploymentRoot="heni.fazzani_DL071118T_2019-05-06_12_10_03_777" />
  </TestSettings>
  <Results>
    <UnitTestResult executionId="3235a1c5-84cc-4b10-a749-52e7396b8243" testId="ad8416d1-ec33-3ab2-59a7-72ad02c553f1" testName="Synker.Api.FunctionalTests.Tests.DataSources.UpdateTest.Update_DataSource_BadRequest" computerName="DL071118T" duration="00:00:00.0150000" startTime="2019-05-06T12:10:25.6992491+02:00" endTime="2019-05-06T12:10:25.6992498+02:00" testType="13cdc9d9-ddb5-4fa4-a97d-d965ccfc6d4b" outcome="Passed" testListId="8c84fa94-04c1-424b-9868-57a2d4851a1d" relativeResultsDirectory="3235a1c5-84cc-4b10-a749-52e7396b8243" />
    <UnitTestResult executionId="134a69a8-d5f1-4297-b633-fb1f7ae1cccd" testId="c3e4fb76-1f9a-3ec1-008f-1e48bcda50c0" testName="Synker.Api.FunctionalTests.Tests.DataSources.GetTest.Get_Not_FoundException" computerName="DL071118T" duration="00:00:00.0070000" startTime="2019-05-06T12:10:20.3659366+02:00" endTime="2019-05-06T12:10:20.3659371+02:00" testType="13cdc9d9-ddb5-4fa4-a97d-d965ccfc6d4b" outcome="Passed" testListId="8c84fa94-04c1-424b-9868-57a2d4851a1d" relativeResultsDirectory="134a69a8-d5f1-4297-b633-fb1f7ae1cccd" />
    <UnitTestResult executionId="e47121d7-6164-4acc-bb09-4c5d1d25e19b" testId="6b1a46ca-3600-63ad-0311-8793acf85cf0" testName="Synker.Api.FunctionalTests.Tests.DataSources.UpdateTest.Update_DataSource_Not_Found" computerName="DL071118T" duration="00:00:00.0140000" startTime="2019-05-06T12:10:25.6844618+02:00" endTime="2019-05-06T12:10:25.6844623+02:00" testType="13cdc9d9-ddb5-4fa4-a97d-d965ccfc6d4b" outcome="Passed" testListId="8c84fa94-04c1-424b-9868-57a2d4851a1d" relativeResultsDirectory="e47121d7-6164-4acc-bb09-4c5d1d25e19b" />
    <UnitTestResult executionId="8c6d16ad-f1bb-4809-9e0c-233aac3ea01f" testId="c1c50064-8393-b6fe-2312-f17de8c06aeb" testName="Synker.Api.FunctionalTests.Tests.DataSources.GetListTest.GetList_DataSource_Ok(listDatasourceQuery: ListDatasourceQuery { CreatedFrom = null, Enabled = null, Name = &quot;xt&quot;, Page = 0, PageSize = 10 }, expectedCount: 2)" computerName="DL071118T" duration="00:00:00.0200000" startTime="2019-05-06T12:10:14.9881747+02:00" endTime="2019-05-06T12:10:14.9881751+02:00" testType="13cdc9d9-ddb5-4fa4-a97d-d965ccfc6d4b" outcome="Passed" testListId="8c84fa94-04c1-424b-9868-57a2d4851a1d" relativeResultsDirectory="8c6d16ad-f1bb-4809-9e0c-233aac3ea01f" />
    <UnitTestResult executionId="2ba3aa0c-4e98-4739-9353-4adee5c2c27a" testId="8d826e9b-d7b3-f96b-c035-0041a921fdc8" testName="Synker.Api.FunctionalTests.Tests.DataSources.CreateTest.Create_DataSource_BadRequest" computerName="DL071118T" duration="00:00:00.0640000" startTime="2019-05-06T12:10:03.7737329+02:00" endTime="2019-05-06T12:10:03.7737334+02:00" testType="13cdc9d9-ddb5-4fa4-a97d-d965ccfc6d4b" outcome="Passed" testListId="8c84fa94-04c1-424b-9868-57a2d4851a1d" relativeResultsDirectory="2ba3aa0c-4e98-4739-9353-4adee5c2c27a" />
    <UnitTestResult executionId="50470414-fdea-4e88-991f-049aa06c8cbf" testId="7a97fe4e-8154-eed4-4a56-1b317f3d4c59" testName="Synker.Api.FunctionalTests.Tests.DataSources.DeleteTest.Delete_DataSource_Not_Found" computerName="DL071118T" duration="00:00:00.4980000" startTime="2019-05-06T12:10:09.2995690+02:00" endTime="2019-05-06T12:10:09.2995696+02:00" testType="13cdc9d9-ddb5-4fa4-a97d-d965ccfc6d4b" outcome="Passed" testListId="8c84fa94-04c1-424b-9868-57a2d4851a1d" relativeResultsDirectory="50470414-fdea-4e88-991f-049aa06c8cbf" />
    <UnitTestResult executionId="964505b9-94cc-4265-a7a7-e0f5beaac23f" testId="6b0310af-2ad1-cdf6-7a4b-03e9ce342472" testName="Synker.Api.FunctionalTests.Tests.DataSources.DeleteTest.Delete_DataSource_Ok" computerName="DL071118T" duration="00:00:00.0470000" startTime="2019-05-06T12:10:09.3465336+02:00" endTime="2019-05-06T12:10:09.3465340+02:00" testType="13cdc9d9-ddb5-4fa4-a97d-d965ccfc6d4b" outcome="Passed" testListId="8c84fa94-04c1-424b-9868-57a2d4851a1d" relativeResultsDirectory="964505b9-94cc-4265-a7a7-e0f5beaac23f" />
    <UnitTestResult executionId="5fbb6be5-202d-4178-be13-ef9223f6a9d8" testId="c1c50064-8393-b6fe-2312-f17de8c06aeb" testName="Synker.Api.FunctionalTests.Tests.DataSources.GetListTest.GetList_DataSource_Ok(listDatasourceQuery: ListDatasourceQuery { CreatedFrom = 2019-05-06T09:50:14.3716055Z, Enabled = null, Name = &quot;yellowsd&quot;, Page = 0, PageSize = 10 }, expectedCount: 0)" computerName="DL071118T" duration="00:00:00.0080000" startTime="2019-05-06T12:10:15.0366256+02:00" endTime="2019-05-06T12:10:15.0366258+02:00" testType="13cdc9d9-ddb5-4fa4-a97d-d965ccfc6d4b" outcome="Passed" testListId="8c84fa94-04c1-424b-9868-57a2d4851a1d" relativeResultsDirectory="5fbb6be5-202d-4178-be13-ef9223f6a9d8" />
    <UnitTestResult executionId="adc5df91-576d-4cb1-acc3-3211fe946297" testId="c1c50064-8393-b6fe-2312-f17de8c06aeb" testName="Synker.Api.FunctionalTests.Tests.DataSources.GetListTest.GetList_DataSource_Ok(listDatasourceQuery: ListDatasourceQuery { CreatedFrom = 2019-05-06T09:50:14.3716053Z, Enabled = True, Name = &quot;xt&quot;, Page = 0, PageSize = 10 }, expectedCount: 1)" computerName="DL071118T" duration="00:00:00.0210000" startTime="2019-05-06T12:10:15.0283743+02:00" endTime="2019-05-06T12:10:15.0283746+02:00" testType="13cdc9d9-ddb5-4fa4-a97d-d965ccfc6d4b" outcome="Passed" testListId="8c84fa94-04c1-424b-9868-57a2d4851a1d" relativeResultsDirectory="adc5df91-576d-4cb1-acc3-3211fe946297" />
    <UnitTestResult executionId="fdfc25e5-f8b7-43b9-b7b4-7ea5c2987741" testId="976aa2e6-79a8-3caf-bf00-5fa460753e3e" testName="Synker.Api.FunctionalTests.Tests.DataSources.GetTest.Get_DataSource_Ok" computerName="DL071118T" duration="00:00:00.2790000" startTime="2019-05-06T12:10:20.3587253+02:00" endTime="2019-05-06T12:10:20.3587259+02:00" testType="13cdc9d9-ddb5-4fa4-a97d-d965ccfc6d4b" outcome="Passed" testListId="8c84fa94-04c1-424b-9868-57a2d4851a1d" relativeResultsDirectory="fdfc25e5-f8b7-43b9-b7b4-7ea5c2987741" />
    <UnitTestResult executionId="1df101f4-e5c7-4590-b4cc-a67d1c71030e" testId="1d297cec-1593-3c3b-cce4-f648245a5916" testName="Synker.Api.FunctionalTests.Tests.DataSources.UpdateTest.Update_DataSource_Ok" computerName="DL071118T" duration="00:00:00.2950000" startTime="2019-05-06T12:10:25.6703291+02:00" endTime="2019-05-06T12:10:25.6703297+02:00" testType="13cdc9d9-ddb5-4fa4-a97d-d965ccfc6d4b" outcome="Passed" testListId="8c84fa94-04c1-424b-9868-57a2d4851a1d" relativeResultsDirectory="1df101f4-e5c7-4590-b4cc-a67d1c71030e" />
    <UnitTestResult executionId="ab7bd4a4-1c92-435a-b437-72732a22976e" testId="c1c50064-8393-b6fe-2312-f17de8c06aeb" testName="Synker.Api.FunctionalTests.Tests.DataSources.GetListTest.GetList_DataSource_Ok(listDatasourceQuery: ListDatasourceQuery { CreatedFrom = null, Enabled = null, Name = null, Page = 0, PageSize = 10 }, expectedCount: 4)" computerName="DL071118T" duration="00:00:00.5400000" startTime="2019-05-06T12:10:14.9279677+02:00" endTime="2019-05-06T12:10:14.9279683+02:00" testType="13cdc9d9-ddb5-4fa4-a97d-d965ccfc6d4b" outcome="Passed" testListId="8c84fa94-04c1-424b-9868-57a2d4851a1d" relativeResultsDirectory="ab7bd4a4-1c92-435a-b437-72732a22976e" />
    <UnitTestResult executionId="4d839667-5a83-4ab2-9d62-cb8acb774dd9" testId="c1c50064-8393-b6fe-2312-f17de8c06aeb" testName="Synker.Api.FunctionalTests.Tests.DataSources.GetListTest.GetList_DataSource_Ok(listDatasourceQuery: ListDatasourceQuery { CreatedFrom = null, Enabled = True, Name = null, Page = 0, PageSize = 10 }, expectedCount: 3)" computerName="DL071118T" duration="00:00:00.0220000" startTime="2019-05-06T12:10:15.0582705+02:00" endTime="2019-05-06T12:10:15.0582712+02:00" testType="13cdc9d9-ddb5-4fa4-a97d-d965ccfc6d4b" outcome="Passed" testListId="8c84fa94-04c1-424b-9868-57a2d4851a1d" relativeResultsDirectory="4d839667-5a83-4ab2-9d62-cb8acb774dd9" />
    <UnitTestResult executionId="77b4c8db-3e61-4c70-9785-4200f66d01f0" testId="c1c50064-8393-b6fe-2312-f17de8c06aeb" testName="Synker.Api.FunctionalTests.Tests.DataSources.GetListTest.GetList_DataSource_Ok(listDatasourceQuery: ListDatasourceQuery { CreatedFrom = 2019-05-06T09:50:14.3716051Z, Enabled = null, Name = &quot;xt&quot;, Page = 0, PageSize = 10 }, expectedCount: 1)" computerName="DL071118T" duration="00:00:00.0200000" startTime="2019-05-06T12:10:15.0077862+02:00" endTime="2019-05-06T12:10:15.0077866+02:00" testType="13cdc9d9-ddb5-4fa4-a97d-d965ccfc6d4b" outcome="Passed" testListId="8c84fa94-04c1-424b-9868-57a2d4851a1d" relativeResultsDirectory="77b4c8db-3e61-4c70-9785-4200f66d01f0" />
    <UnitTestResult executionId="1254dc4c-991b-4123-a532-1205514760b9" testId="c1c50064-8393-b6fe-2312-f17de8c06aeb" testName="Synker.Api.FunctionalTests.Tests.DataSources.GetListTest.GetList_DataSource_Ok(listDatasourceQuery: ListDatasourceQuery { CreatedFrom = null, Enabled = False, Name = null, Page = 0, PageSize = 10 }, expectedCount: 1)" computerName="DL071118T" duration="00:00:00.0100000" startTime="2019-05-06T12:10:15.0688015+02:00" endTime="2019-05-06T12:10:15.0688019+02:00" testType="13cdc9d9-ddb5-4fa4-a97d-d965ccfc6d4b" outcome="Passed" testListId="8c84fa94-04c1-424b-9868-57a2d4851a1d" relativeResultsDirectory="1254dc4c-991b-4123-a532-1205514760b9" />
    <UnitTestResult executionId="4481c44e-6ab4-4473-b06c-12ade6b6f003" testId="4dcc69a8-9e66-a40f-8666-a0fb24fcf2db" testName="Synker.Api.FunctionalTests.Tests.DataSources.CreateTest.Create_DataSource_Created" computerName="DL071118T" duration="00:00:02.5440000" startTime="2019-05-06T12:10:03.7059178+02:00" endTime="2019-05-06T12:10:03.7059185+02:00" testType="13cdc9d9-ddb5-4fa4-a97d-d965ccfc6d4b" outcome="Passed" testListId="8c84fa94-04c1-424b-9868-57a2d4851a1d" relativeResultsDirectory="4481c44e-6ab4-4473-b06c-12ade6b6f003" />
    <UnitTestResult executionId="889b3d0c-f1fe-4676-8bdd-a3b5764d95f7" testId="c1c50064-8393-b6fe-2312-f17de8c06aeb" testName="Synker.Api.FunctionalTests.Tests.DataSources.GetListTest.GetList_DataSource_Ok(listDatasourceQuery: ListDatasourceQuery { CreatedFrom = 2018-05-06T10:10:14.3716031Z, Enabled = null, Name = null, Page = 0, PageSize = 10 }, expectedCount: 3)" computerName="DL071118T" duration="00:00:00.0300000" startTime="2019-05-06T12:10:14.9598115+02:00" endTime="2019-05-06T12:10:14.9598122+02:00" testType="13cdc9d9-ddb5-4fa4-a97d-d965ccfc6d4b" outcome="Passed" testListId="8c84fa94-04c1-424b-9868-57a2d4851a1d" relativeResultsDirectory="889b3d0c-f1fe-4676-8bdd-a3b5764d95f7" />
    <UnitTestResult executionId="251a5685-0586-41c9-af11-d4df66bb8d9d" testId="c1c50064-8393-b6fe-2312-f17de8c06aeb" testName="Synker.Api.FunctionalTests.Tests.DataSources.GetListTest.GetList_DataSource_Ok(listDatasourceQuery: ListDatasourceQuery { CreatedFrom = 2019-05-06T09:50:14.3716044Z, Enabled = null, Name = null, Page = 0, PageSize = 10 }, expectedCount: 1)" computerName="DL071118T" duration="00:00:00.0080000" startTime="2019-05-06T12:10:14.9683422+02:00" endTime="2019-05-06T12:10:14.9683426+02:00" testType="13cdc9d9-ddb5-4fa4-a97d-d965ccfc6d4b" outcome="Passed" testListId="8c84fa94-04c1-424b-9868-57a2d4851a1d" relativeResultsDirectory="251a5685-0586-41c9-af11-d4df66bb8d9d" />
  </Results>
  <TestDefinitions>
    <UnitTest name="Synker.Api.FunctionalTests.Tests.DataSources.UpdateTest.Update_DataSource_Ok" storage="c:\users\heni.fazzani\source\repos\synker.api\synker.api.functionaltests\bin\release\netcoreapp2.2\synker.api.functionaltests.dll" id="1d297cec-1593-3c3b-cce4-f648245a5916">
      <Execution id="1df101f4-e5c7-4590-b4cc-a67d1c71030e" />
      <TestMethod codeBase="C:\Users\heni.fazzani\source\repos\Synker.Api\Synker.Api.FunctionalTests\bin\Release\netcoreapp2.2\Synker.Api.FunctionalTests.dll" adapterTypeName="executor://xunit/VsTestRunner2/netcoreapp" className="Synker.Api.FunctionalTests" name="Synker.Api.FunctionalTests.Tests.DataSources.UpdateTest.Update_DataSource_Ok" />
    </UnitTest>
    <UnitTest name="Synker.Api.FunctionalTests.Tests.DataSources.GetListTest.GetList_DataSource_Ok" storage="c:\users\heni.fazzani\source\repos\synker.api\synker.api.functionaltests\bin\release\netcoreapp2.2\synker.api.functionaltests.dll" id="c1c50064-8393-b6fe-2312-f17de8c06aeb">
      <Execution id="ab7bd4a4-1c92-435a-b437-72732a22976e" />
      <TestMethod codeBase="C:\Users\heni.fazzani\source\repos\Synker.Api\Synker.Api.FunctionalTests\bin\Release\netcoreapp2.2\Synker.Api.FunctionalTests.dll" adapterTypeName="executor://xunit/VsTestRunner2/netcoreapp" className="Synker.Api.FunctionalTests" name="Synker.Api.FunctionalTests.Tests.DataSources.GetListTest.GetList_DataSource_Ok" />
    </UnitTest>
    <UnitTest name="Synker.Api.FunctionalTests.Tests.DataSources.DeleteTest.Delete_DataSource_Ok" storage="c:\users\heni.fazzani\source\repos\synker.api\synker.api.functionaltests\bin\release\netcoreapp2.2\synker.api.functionaltests.dll" id="6b0310af-2ad1-cdf6-7a4b-03e9ce342472">
      <Execution id="964505b9-94cc-4265-a7a7-e0f5beaac23f" />
      <TestMethod codeBase="C:\Users\heni.fazzani\source\repos\Synker.Api\Synker.Api.FunctionalTests\bin\Release\netcoreapp2.2\Synker.Api.FunctionalTests.dll" adapterTypeName="executor://xunit/VsTestRunner2/netcoreapp" className="Synker.Api.FunctionalTests" name="Synker.Api.FunctionalTests.Tests.DataSources.DeleteTest.Delete_DataSource_Ok" />
    </UnitTest>
    <UnitTest name="Synker.Api.FunctionalTests.Tests.DataSources.UpdateTest.Update_DataSource_BadRequest" storage="c:\users\heni.fazzani\source\repos\synker.api\synker.api.functionaltests\bin\release\netcoreapp2.2\synker.api.functionaltests.dll" id="ad8416d1-ec33-3ab2-59a7-72ad02c553f1">
      <Execution id="3235a1c5-84cc-4b10-a749-52e7396b8243" />
      <TestMethod codeBase="C:\Users\heni.fazzani\source\repos\Synker.Api\Synker.Api.FunctionalTests\bin\Release\netcoreapp2.2\Synker.Api.FunctionalTests.dll" adapterTypeName="executor://xunit/VsTestRunner2/netcoreapp" className="Synker.Api.FunctionalTests" name="Synker.Api.FunctionalTests.Tests.DataSources.UpdateTest.Update_DataSource_BadRequest" />
    </UnitTest>
    <UnitTest name="Synker.Api.FunctionalTests.Tests.DataSources.GetTest.Get_DataSource_Ok" storage="c:\users\heni.fazzani\source\repos\synker.api\synker.api.functionaltests\bin\release\netcoreapp2.2\synker.api.functionaltests.dll" id="976aa2e6-79a8-3caf-bf00-5fa460753e3e">
      <Execution id="fdfc25e5-f8b7-43b9-b7b4-7ea5c2987741" />
      <TestMethod codeBase="C:\Users\heni.fazzani\source\repos\Synker.Api\Synker.Api.FunctionalTests\bin\Release\netcoreapp2.2\Synker.Api.FunctionalTests.dll" adapterTypeName="executor://xunit/VsTestRunner2/netcoreapp" className="Synker.Api.FunctionalTests" name="Synker.Api.FunctionalTests.Tests.DataSources.GetTest.Get_DataSource_Ok" />
    </UnitTest>
    <UnitTest name="Synker.Api.FunctionalTests.Tests.DataSources.GetTest.Get_Not_FoundException" storage="c:\users\heni.fazzani\source\repos\synker.api\synker.api.functionaltests\bin\release\netcoreapp2.2\synker.api.functionaltests.dll" id="c3e4fb76-1f9a-3ec1-008f-1e48bcda50c0">
      <Execution id="134a69a8-d5f1-4297-b633-fb1f7ae1cccd" />
      <TestMethod codeBase="C:\Users\heni.fazzani\source\repos\Synker.Api\Synker.Api.FunctionalTests\bin\Release\netcoreapp2.2\Synker.Api.FunctionalTests.dll" adapterTypeName="executor://xunit/VsTestRunner2/netcoreapp" className="Synker.Api.FunctionalTests" name="Synker.Api.FunctionalTests.Tests.DataSources.GetTest.Get_Not_FoundException" />
    </UnitTest>
    <UnitTest name="Synker.Api.FunctionalTests.Tests.DataSources.CreateTest.Create_DataSource_BadRequest" storage="c:\users\heni.fazzani\source\repos\synker.api\synker.api.functionaltests\bin\release\netcoreapp2.2\synker.api.functionaltests.dll" id="8d826e9b-d7b3-f96b-c035-0041a921fdc8">
      <Execution id="2ba3aa0c-4e98-4739-9353-4adee5c2c27a" />
      <TestMethod codeBase="C:\Users\heni.fazzani\source\repos\Synker.Api\Synker.Api.FunctionalTests\bin\Release\netcoreapp2.2\Synker.Api.FunctionalTests.dll" adapterTypeName="executor://xunit/VsTestRunner2/netcoreapp" className="Synker.Api.FunctionalTests" name="Synker.Api.FunctionalTests.Tests.DataSources.CreateTest.Create_DataSource_BadRequest" />
    </UnitTest>
    <UnitTest name="Synker.Api.FunctionalTests.Tests.DataSources.CreateTest.Create_DataSource_Created" storage="c:\users\heni.fazzani\source\repos\synker.api\synker.api.functionaltests\bin\release\netcoreapp2.2\synker.api.functionaltests.dll" id="4dcc69a8-9e66-a40f-8666-a0fb24fcf2db">
      <Execution id="4481c44e-6ab4-4473-b06c-12ade6b6f003" />
      <TestMethod codeBase="C:\Users\heni.fazzani\source\repos\Synker.Api\Synker.Api.FunctionalTests\bin\Release\netcoreapp2.2\Synker.Api.FunctionalTests.dll" adapterTypeName="executor://xunit/VsTestRunner2/netcoreapp" className="Synker.Api.FunctionalTests" name="Synker.Api.FunctionalTests.Tests.DataSources.CreateTest.Create_DataSource_Created" />
    </UnitTest>
    <UnitTest name="Synker.Api.FunctionalTests.Tests.DataSources.UpdateTest.Update_DataSource_Not_Found" storage="c:\users\heni.fazzani\source\repos\synker.api\synker.api.functionaltests\bin\release\netcoreapp2.2\synker.api.functionaltests.dll" id="6b1a46ca-3600-63ad-0311-8793acf85cf0">
      <Execution id="e47121d7-6164-4acc-bb09-4c5d1d25e19b" />
      <TestMethod codeBase="C:\Users\heni.fazzani\source\repos\Synker.Api\Synker.Api.FunctionalTests\bin\Release\netcoreapp2.2\Synker.Api.FunctionalTests.dll" adapterTypeName="executor://xunit/VsTestRunner2/netcoreapp" className="Synker.Api.FunctionalTests" name="Synker.Api.FunctionalTests.Tests.DataSources.UpdateTest.Update_DataSource_Not_Found" />
    </UnitTest>
    <UnitTest name="Synker.Api.FunctionalTests.Tests.DataSources.DeleteTest.Delete_DataSource_Not_Found" storage="c:\users\heni.fazzani\source\repos\synker.api\synker.api.functionaltests\bin\release\netcoreapp2.2\synker.api.functionaltests.dll" id="7a97fe4e-8154-eed4-4a56-1b317f3d4c59">
      <Execution id="50470414-fdea-4e88-991f-049aa06c8cbf" />
      <TestMethod codeBase="C:\Users\heni.fazzani\source\repos\Synker.Api\Synker.Api.FunctionalTests\bin\Release\netcoreapp2.2\Synker.Api.FunctionalTests.dll" adapterTypeName="executor://xunit/VsTestRunner2/netcoreapp" className="Synker.Api.FunctionalTests" name="Synker.Api.FunctionalTests.Tests.DataSources.DeleteTest.Delete_DataSource_Not_Found" />
    </UnitTest>
  </TestDefinitions>
  <TestEntries>
    <TestEntry testId="ad8416d1-ec33-3ab2-59a7-72ad02c553f1" executionId="3235a1c5-84cc-4b10-a749-52e7396b8243" testListId="8c84fa94-04c1-424b-9868-57a2d4851a1d" />
    <TestEntry testId="c3e4fb76-1f9a-3ec1-008f-1e48bcda50c0" executionId="134a69a8-d5f1-4297-b633-fb1f7ae1cccd" testListId="8c84fa94-04c1-424b-9868-57a2d4851a1d" />
    <TestEntry testId="6b1a46ca-3600-63ad-0311-8793acf85cf0" executionId="e47121d7-6164-4acc-bb09-4c5d1d25e19b" testListId="8c84fa94-04c1-424b-9868-57a2d4851a1d" />
    <TestEntry testId="c1c50064-8393-b6fe-2312-f17de8c06aeb" executionId="8c6d16ad-f1bb-4809-9e0c-233aac3ea01f" testListId="8c84fa94-04c1-424b-9868-57a2d4851a1d" />
    <TestEntry testId="8d826e9b-d7b3-f96b-c035-0041a921fdc8" executionId="2ba3aa0c-4e98-4739-9353-4adee5c2c27a" testListId="8c84fa94-04c1-424b-9868-57a2d4851a1d" />
    <TestEntry testId="7a97fe4e-8154-eed4-4a56-1b317f3d4c59" executionId="50470414-fdea-4e88-991f-049aa06c8cbf" testListId="8c84fa94-04c1-424b-9868-57a2d4851a1d" />
    <TestEntry testId="6b0310af-2ad1-cdf6-7a4b-03e9ce342472" executionId="964505b9-94cc-4265-a7a7-e0f5beaac23f" testListId="8c84fa94-04c1-424b-9868-57a2d4851a1d" />
    <TestEntry testId="c1c50064-8393-b6fe-2312-f17de8c06aeb" executionId="5fbb6be5-202d-4178-be13-ef9223f6a9d8" testListId="8c84fa94-04c1-424b-9868-57a2d4851a1d" />
    <TestEntry testId="c1c50064-8393-b6fe-2312-f17de8c06aeb" executionId="adc5df91-576d-4cb1-acc3-3211fe946297" testListId="8c84fa94-04c1-424b-9868-57a2d4851a1d" />
    <TestEntry testId="976aa2e6-79a8-3caf-bf00-5fa460753e3e" executionId="fdfc25e5-f8b7-43b9-b7b4-7ea5c2987741" testListId="8c84fa94-04c1-424b-9868-57a2d4851a1d" />
    <TestEntry testId="1d297cec-1593-3c3b-cce4-f648245a5916" executionId="1df101f4-e5c7-4590-b4cc-a67d1c71030e" testListId="8c84fa94-04c1-424b-9868-57a2d4851a1d" />
    <TestEntry testId="c1c50064-8393-b6fe-2312-f17de8c06aeb" executionId="ab7bd4a4-1c92-435a-b437-72732a22976e" testListId="8c84fa94-04c1-424b-9868-57a2d4851a1d" />
    <TestEntry testId="c1c50064-8393-b6fe-2312-f17de8c06aeb" executionId="4d839667-5a83-4ab2-9d62-cb8acb774dd9" testListId="8c84fa94-04c1-424b-9868-57a2d4851a1d" />
    <TestEntry testId="c1c50064-8393-b6fe-2312-f17de8c06aeb" executionId="77b4c8db-3e61-4c70-9785-4200f66d01f0" testListId="8c84fa94-04c1-424b-9868-57a2d4851a1d" />
    <TestEntry testId="c1c50064-8393-b6fe-2312-f17de8c06aeb" executionId="1254dc4c-991b-4123-a532-1205514760b9" testListId="8c84fa94-04c1-424b-9868-57a2d4851a1d" />
    <TestEntry testId="4dcc69a8-9e66-a40f-8666-a0fb24fcf2db" executionId="4481c44e-6ab4-4473-b06c-12ade6b6f003" testListId="8c84fa94-04c1-424b-9868-57a2d4851a1d" />
    <TestEntry testId="c1c50064-8393-b6fe-2312-f17de8c06aeb" executionId="889b3d0c-f1fe-4676-8bdd-a3b5764d95f7" testListId="8c84fa94-04c1-424b-9868-57a2d4851a1d" />
    <TestEntry testId="c1c50064-8393-b6fe-2312-f17de8c06aeb" executionId="251a5685-0586-41c9-af11-d4df66bb8d9d" testListId="8c84fa94-04c1-424b-9868-57a2d4851a1d" />
  </TestEntries>
  <TestLists>
    <TestList name="Results Not in a List" id="8c84fa94-04c1-424b-9868-57a2d4851a1d" />
    <TestList name="All Loaded Results" id="19431567-8539-422a-85d7-44ee4e166bda" />
  </TestLists>
  <ResultSummary outcome="Completed">
    <Counters total="18" executed="18" passed="18" failed="0" error="0" timeout="0" aborted="0" inconclusive="0" passedButRunAborted="0" notRunnable="0" notExecuted="0" disconnected="0" warning="0" completed="0" inProgress="0" pending="0" />
    <Output>
      <StdOut>[xUnit.net 00:00:00.00] xUnit.net VSTest Adapter v2.4.1 (64-bit .NET Core 4.6.27521.02)[xUnit.net 00:00:04.64]   Discovering: Synker.Api.FunctionalTests[xUnit.net 00:00:04.73]   Discovered:  Synker.Api.FunctionalTests[xUnit.net 00:00:04.74]   Starting:    Synker.Api.FunctionalTests[xUnit.net 00:00:34.48]   Finished:    Synker.Api.FunctionalTests</StdOut>
    </Output>
  </ResultSummary>
</TestRun>