<?xml version="1.0" encoding="utf-8"?>
<TestRun id="544389ce-4db9-4eb8-b5a4-d9900178e31f" name="heni.fazzani@DL071118T 2019-05-06 12:09:56:889" runUser="POLIRIS\heni.fazzani" xmlns="http://microsoft.com/schemas/VisualStudio/TeamTest/2010">
  <Times creation="2019-05-06T12:09:56.9044253+02:00" queuing="2019-05-06T12:09:56.9044254+02:00" start="2019-05-06T12:09:53.2193944+02:00" finish="2019-05-06T12:09:56.9239343+02:00" />
  <TestSettings name="default" id="352100e9-5520-4772-b2cc-73c7da2089cf">
    <Deployment runDeploymentRoot="heni.fazzani_DL071118T_2019-05-06_12_09_56_889" />
  </TestSettings>
  <Results>
    <UnitTestResult executionId="dfbd1271-9157-4262-b8a1-f2ca399b2f1a" testId="911cf2fd-8386-1b3a-48c2-9f9f1fabdce2" testName="Synker.Domain.Tests.PlaylistTest.Two_media_should_not_the_some_position" computerName="DL071118T" duration="00:00:00.0020000" startTime="2019-05-06T12:09:56.7335936+02:00" endTime="2019-05-06T12:09:56.7335937+02:00" testType="13cdc9d9-ddb5-4fa4-a97d-d965ccfc6d4b" outcome="Passed" testListId="8c84fa94-04c1-424b-9868-57a2d4851a1d" relativeResultsDirectory="dfbd1271-9157-4262-b8a1-f2ca399b2f1a" />
    <UnitTestResult executionId="b195d834-801a-41ba-afc5-0a6b59843b88" testId="773357d0-3d64-283e-bdff-086fff22d128" testName="Synker.Domain.Tests.PlaylistTest.PositionMedia_not_defined_Must_set_to_Max" computerName="DL071118T" duration="00:00:00.0040000" startTime="2019-05-06T12:09:56.7345002+02:00" endTime="2019-05-06T12:09:56.7345005+02:00" testType="13cdc9d9-ddb5-4fa4-a97d-d965ccfc6d4b" outcome="Passed" testListId="8c84fa94-04c1-424b-9868-57a2d4851a1d" relativeResultsDirectory="b195d834-801a-41ba-afc5-0a6b59843b88" />
    <UnitTestResult executionId="98e51225-a234-4755-aadb-d026f519d763" testId="048af355-f6c4-0d71-cb93-fff36e80b4d8" testName="Synker.Domain.Tests.DataSourceTest.Test1" computerName="DL071118T" duration="00:00:00.0100000" startTime="2019-05-06T12:09:56.7215494+02:00" endTime="2019-05-06T12:09:56.7215588+02:00" testType="13cdc9d9-ddb5-4fa4-a97d-d965ccfc6d4b" outcome="Passed" testListId="8c84fa94-04c1-424b-9868-57a2d4851a1d" relativeResultsDirectory="98e51225-a234-4755-aadb-d026f519d763" />
    <UnitTestResult executionId="ec6545ee-8102-4057-89e8-58c09d73aa5f" testId="969ac212-57ab-799d-1f20-afc55a003b9f" testName="Synker.Domain.Tests.PlaylistTest.Throw_MediaNotFoundException_if_not_exist" computerName="DL071118T" duration="00:00:00.0270000" startTime="2019-05-06T12:09:56.7331524+02:00" endTime="2019-05-06T12:09:56.7331525+02:00" testType="13cdc9d9-ddb5-4fa4-a97d-d965ccfc6d4b" outcome="Passed" testListId="8c84fa94-04c1-424b-9868-57a2d4851a1d" relativeResultsDirectory="ec6545ee-8102-4057-89e8-58c09d73aa5f" />
    <UnitTestResult executionId="c8c35996-d391-4b49-982d-00ec09381d45" testId="679a1012-957d-5b57-a8ca-a261bfc56b11" testName="Synker.Domain.Tests.MediaTest.Media_with_some_url_are_not_equal" computerName="DL071118T" duration="00:00:00.0020000" startTime="2019-05-06T12:09:56.7330469+02:00" endTime="2019-05-06T12:09:56.7330471+02:00" testType="13cdc9d9-ddb5-4fa4-a97d-d965ccfc6d4b" outcome="Passed" testListId="8c84fa94-04c1-424b-9868-57a2d4851a1d" relativeResultsDirectory="c8c35996-d391-4b49-982d-00ec09381d45" />
    <UnitTestResult executionId="be049279-00c5-471b-9e50-f2c5ae71b406" testId="4755bb41-459d-bf4b-d331-e6780cf344b2" testName="Synker.Domain.Tests.PlaylistTest.Must_throw_DuplicatedPlaylistMediaException" computerName="DL071118T" duration="00:00:00.0030000" startTime="2019-05-06T12:09:56.7334895+02:00" endTime="2019-05-06T12:09:56.7334896+02:00" testType="13cdc9d9-ddb5-4fa4-a97d-d965ccfc6d4b" outcome="Passed" testListId="8c84fa94-04c1-424b-9868-57a2d4851a1d" relativeResultsDirectory="be049279-00c5-471b-9e50-f2c5ae71b406" />
    <UnitTestResult executionId="86b0e22a-7a70-4aa3-aa90-22b14f56a0f6" testId="e08584ea-2529-5073-b6f4-bc68ae40f945" testName="Synker.Domain.Tests.MediaTest.Media_with_some_url_are_equal" computerName="DL071118T" duration="00:00:00.0170000" startTime="2019-05-06T12:09:56.7325839+02:00" endTime="2019-05-06T12:09:56.7325846+02:00" testType="13cdc9d9-ddb5-4fa4-a97d-d965ccfc6d4b" outcome="Passed" testListId="8c84fa94-04c1-424b-9868-57a2d4851a1d" relativeResultsDirectory="86b0e22a-7a70-4aa3-aa90-22b14f56a0f6" />
  </Results>
  <TestDefinitions>
    <UnitTest name="Synker.Domain.Tests.MediaTest.Media_with_some_url_are_equal" storage="c:\users\heni.fazzani\source\repos\synker.api\synker.domain.tests\bin\release\netcoreapp2.2\synker.domain.tests.dll" id="e08584ea-2529-5073-b6f4-bc68ae40f945">
      <Execution id="86b0e22a-7a70-4aa3-aa90-22b14f56a0f6" />
      <TestMethod codeBase="C:\Users\heni.fazzani\source\repos\Synker.Api\Synker.Domain.Tests\bin\Release\netcoreapp2.2\Synker.Domain.Tests.dll" adapterTypeName="executor://xunit/VsTestRunner2/netcoreapp" className="Synker.Domain.Tests" name="Synker.Domain.Tests.MediaTest.Media_with_some_url_are_equal" />
    </UnitTest>
    <UnitTest name="Synker.Domain.Tests.PlaylistTest.PositionMedia_not_defined_Must_set_to_Max" storage="c:\users\heni.fazzani\source\repos\synker.api\synker.domain.tests\bin\release\netcoreapp2.2\synker.domain.tests.dll" id="773357d0-3d64-283e-bdff-086fff22d128">
      <Execution id="b195d834-801a-41ba-afc5-0a6b59843b88" />
      <TestMethod codeBase="C:\Users\heni.fazzani\source\repos\Synker.Api\Synker.Domain.Tests\bin\Release\netcoreapp2.2\Synker.Domain.Tests.dll" adapterTypeName="executor://xunit/VsTestRunner2/netcoreapp" className="Synker.Domain.Tests" name="Synker.Domain.Tests.PlaylistTest.PositionMedia_not_defined_Must_set_to_Max" />
    </UnitTest>
    <UnitTest name="Synker.Domain.Tests.DataSourceTest.Test1" storage="c:\users\heni.fazzani\source\repos\synker.api\synker.domain.tests\bin\release\netcoreapp2.2\synker.domain.tests.dll" id="048af355-f6c4-0d71-cb93-fff36e80b4d8">
      <Execution id="98e51225-a234-4755-aadb-d026f519d763" />
      <TestMethod codeBase="C:\Users\heni.fazzani\source\repos\Synker.Api\Synker.Domain.Tests\bin\Release\netcoreapp2.2\Synker.Domain.Tests.dll" adapterTypeName="executor://xunit/VsTestRunner2/netcoreapp" className="Synker.Domain.Tests" name="Synker.Domain.Tests.DataSourceTest.Test1" />
    </UnitTest>
    <UnitTest name="Synker.Domain.Tests.PlaylistTest.Must_throw_DuplicatedPlaylistMediaException" storage="c:\users\heni.fazzani\source\repos\synker.api\synker.domain.tests\bin\release\netcoreapp2.2\synker.domain.tests.dll" id="4755bb41-459d-bf4b-d331-e6780cf344b2">
      <Execution id="be049279-00c5-471b-9e50-f2c5ae71b406" />
      <TestMethod codeBase="C:\Users\heni.fazzani\source\repos\Synker.Api\Synker.Domain.Tests\bin\Release\netcoreapp2.2\Synker.Domain.Tests.dll" adapterTypeName="executor://xunit/VsTestRunner2/netcoreapp" className="Synker.Domain.Tests" name="Synker.Domain.Tests.PlaylistTest.Must_throw_DuplicatedPlaylistMediaException" />
    </UnitTest>
    <UnitTest name="Synker.Domain.Tests.PlaylistTest.Two_media_should_not_the_some_position" storage="c:\users\heni.fazzani\source\repos\synker.api\synker.domain.tests\bin\release\netcoreapp2.2\synker.domain.tests.dll" id="911cf2fd-8386-1b3a-48c2-9f9f1fabdce2">
      <Execution id="dfbd1271-9157-4262-b8a1-f2ca399b2f1a" />
      <TestMethod codeBase="C:\Users\heni.fazzani\source\repos\Synker.Api\Synker.Domain.Tests\bin\Release\netcoreapp2.2\Synker.Domain.Tests.dll" adapterTypeName="executor://xunit/VsTestRunner2/netcoreapp" className="Synker.Domain.Tests" name="Synker.Domain.Tests.PlaylistTest.Two_media_should_not_the_some_position" />
    </UnitTest>
    <UnitTest name="Synker.Domain.Tests.PlaylistTest.Throw_MediaNotFoundException_if_not_exist" storage="c:\users\heni.fazzani\source\repos\synker.api\synker.domain.tests\bin\release\netcoreapp2.2\synker.domain.tests.dll" id="969ac212-57ab-799d-1f20-afc55a003b9f">
      <Execution id="ec6545ee-8102-4057-89e8-58c09d73aa5f" />
      <TestMethod codeBase="C:\Users\heni.fazzani\source\repos\Synker.Api\Synker.Domain.Tests\bin\Release\netcoreapp2.2\Synker.Domain.Tests.dll" adapterTypeName="executor://xunit/VsTestRunner2/netcoreapp" className="Synker.Domain.Tests" name="Synker.Domain.Tests.PlaylistTest.Throw_MediaNotFoundException_if_not_exist" />
    </UnitTest>
    <UnitTest name="Synker.Domain.Tests.MediaTest.Media_with_some_url_are_not_equal" storage="c:\users\heni.fazzani\source\repos\synker.api\synker.domain.tests\bin\release\netcoreapp2.2\synker.domain.tests.dll" id="679a1012-957d-5b57-a8ca-a261bfc56b11">
      <Execution id="c8c35996-d391-4b49-982d-00ec09381d45" />
      <TestMethod codeBase="C:\Users\heni.fazzani\source\repos\Synker.Api\Synker.Domain.Tests\bin\Release\netcoreapp2.2\Synker.Domain.Tests.dll" adapterTypeName="executor://xunit/VsTestRunner2/netcoreapp" className="Synker.Domain.Tests" name="Synker.Domain.Tests.MediaTest.Media_with_some_url_are_not_equal" />
    </UnitTest>
  </TestDefinitions>
  <TestEntries>
    <TestEntry testId="911cf2fd-8386-1b3a-48c2-9f9f1fabdce2" executionId="dfbd1271-9157-4262-b8a1-f2ca399b2f1a" testListId="8c84fa94-04c1-424b-9868-57a2d4851a1d" />
    <TestEntry testId="773357d0-3d64-283e-bdff-086fff22d128" executionId="b195d834-801a-41ba-afc5-0a6b59843b88" testListId="8c84fa94-04c1-424b-9868-57a2d4851a1d" />
    <TestEntry testId="048af355-f6c4-0d71-cb93-fff36e80b4d8" executionId="98e51225-a234-4755-aadb-d026f519d763" testListId="8c84fa94-04c1-424b-9868-57a2d4851a1d" />
    <TestEntry testId="969ac212-57ab-799d-1f20-afc55a003b9f" executionId="ec6545ee-8102-4057-89e8-58c09d73aa5f" testListId="8c84fa94-04c1-424b-9868-57a2d4851a1d" />
    <TestEntry testId="679a1012-957d-5b57-a8ca-a261bfc56b11" executionId="c8c35996-d391-4b49-982d-00ec09381d45" testListId="8c84fa94-04c1-424b-9868-57a2d4851a1d" />
    <TestEntry testId="4755bb41-459d-bf4b-d331-e6780cf344b2" executionId="be049279-00c5-471b-9e50-f2c5ae71b406" testListId="8c84fa94-04c1-424b-9868-57a2d4851a1d" />
    <TestEntry testId="e08584ea-2529-5073-b6f4-bc68ae40f945" executionId="86b0e22a-7a70-4aa3-aa90-22b14f56a0f6" testListId="8c84fa94-04c1-424b-9868-57a2d4851a1d" />
  </TestEntries>
  <TestLists>
    <TestList name="Results Not in a List" id="8c84fa94-04c1-424b-9868-57a2d4851a1d" />
    <TestList name="All Loaded Results" id="19431567-8539-422a-85d7-44ee4e166bda" />
  </TestLists>
  <ResultSummary outcome="Completed">
    <Counters total="7" executed="7" passed="7" failed="0" error="0" timeout="0" aborted="0" inconclusive="0" passedButRunAborted="0" notRunnable="0" notExecuted="0" disconnected="0" warning="0" completed="0" inProgress="0" pending="0" />
    <Output>
      <StdOut>[xUnit.net 00:00:00.00] xUnit.net VSTest Adapter v2.4.1 (64-bit .NET Core 4.6.27521.02)[xUnit.net 00:00:01.20]   Discovering: Synker.Domain.Tests[xUnit.net 00:00:01.29]   Discovered:  Synker.Domain.Tests[xUnit.net 00:00:01.30]   Starting:    Synker.Domain.Tests[xUnit.net 00:00:01.50]   Finished:    Synker.Domain.Tests</StdOut>
    </Output>
  </ResultSummary>
</TestRun>