<?xml version="1.0" encoding="utf-8"?>
<TestRun id="cdcb75b1-3e43-402a-87db-190e2fdb42b1" name="heni.fazzani@DL071118T 2019-05-06 12:09:58:644" runUser="POLIRIS\heni.fazzani" xmlns="http://microsoft.com/schemas/VisualStudio/TeamTest/2010">
  <Times creation="2019-05-06T12:09:58.6641125+02:00" queuing="2019-05-06T12:09:58.6641126+02:00" start="2019-05-06T12:09:53.7623625+02:00" finish="2019-05-06T12:09:58.6935702+02:00" />
  <TestSettings name="default" id="4792782a-25d0-4b3c-9730-1d2f6f9eac8d">
    <Deployment runDeploymentRoot="heni.fazzani_DL071118T_2019-05-06_12_09_58_644" />
  </TestSettings>
  <Results>
    <UnitTestResult executionId="55a9b940-bfa4-443d-bce8-4f50469140a9" testId="1bc5b8da-0536-7a7f-1cf6-2e1d94e334c4" testName="Synker.Application.Tests.DataSourceUnitTest.Test1" computerName="DL071118T" duration="00:00:00.0140000" startTime="2019-05-06T12:09:58.4212288+02:00" endTime="2019-05-06T12:09:58.4212294+02:00" testType="13cdc9d9-ddb5-4fa4-a97d-d965ccfc6d4b" outcome="Passed" testListId="8c84fa94-04c1-424b-9868-57a2d4851a1d" relativeResultsDirectory="55a9b940-bfa4-443d-bce8-4f50469140a9" />
    <UnitTestResult executionId="5d23e4a0-4654-4812-8f36-ee40f303639d" testId="de522f3f-4b13-bcfb-9f33-bace19a5f404" testName="Synker.Application.Tests.PlaylistUnitTest.Test1" computerName="DL071118T" duration="00:00:00.0140000" startTime="2019-05-06T12:09:58.4108394+02:00" endTime="2019-05-06T12:09:58.4108484+02:00" testType="13cdc9d9-ddb5-4fa4-a97d-d965ccfc6d4b" outcome="Passed" testListId="8c84fa94-04c1-424b-9868-57a2d4851a1d" relativeResultsDirectory="5d23e4a0-4654-4812-8f36-ee40f303639d" />
  </Results>
  <TestDefinitions>
    <UnitTest name="Synker.Application.Tests.PlaylistUnitTest.Test1" storage="c:\users\heni.fazzani\source\repos\synker.api\synker.application.tests\bin\release\netcoreapp2.2\synker.application.tests.dll" id="de522f3f-4b13-bcfb-9f33-bace19a5f404">
      <Execution id="5d23e4a0-4654-4812-8f36-ee40f303639d" />
      <TestMethod codeBase="C:\Users\heni.fazzani\source\repos\Synker.Api\Synker.Application.Tests\bin\Release\netcoreapp2.2\Synker.Application.Tests.dll" adapterTypeName="executor://xunit/VsTestRunner2/netcoreapp" className="Synker.Application.Tests" name="Synker.Application.Tests.PlaylistUnitTest.Test1" />
    </UnitTest>
    <UnitTest name="Synker.Application.Tests.DataSourceUnitTest.Test1" storage="c:\users\heni.fazzani\source\repos\synker.api\synker.application.tests\bin\release\netcoreapp2.2\synker.application.tests.dll" id="1bc5b8da-0536-7a7f-1cf6-2e1d94e334c4">
      <Execution id="55a9b940-bfa4-443d-bce8-4f50469140a9" />
      <TestMethod codeBase="C:\Users\heni.fazzani\source\repos\Synker.Api\Synker.Application.Tests\bin\Release\netcoreapp2.2\Synker.Application.Tests.dll" adapterTypeName="executor://xunit/VsTestRunner2/netcoreapp" className="Synker.Application.Tests" name="Synker.Application.Tests.DataSourceUnitTest.Test1" />
    </UnitTest>
  </TestDefinitions>
  <TestEntries>
    <TestEntry testId="1bc5b8da-0536-7a7f-1cf6-2e1d94e334c4" executionId="55a9b940-bfa4-443d-bce8-4f50469140a9" testListId="8c84fa94-04c1-424b-9868-57a2d4851a1d" />
    <TestEntry testId="de522f3f-4b13-bcfb-9f33-bace19a5f404" executionId="5d23e4a0-4654-4812-8f36-ee40f303639d" testListId="8c84fa94-04c1-424b-9868-57a2d4851a1d" />
  </TestEntries>
  <TestLists>
    <TestList name="Results Not in a List" id="8c84fa94-04c1-424b-9868-57a2d4851a1d" />
    <TestList name="All Loaded Results" id="19431567-8539-422a-85d7-44ee4e166bda" />
  </TestLists>
  <ResultSummary outcome="Completed">
    <Counters total="2" executed="2" passed="2" failed="0" error="0" timeout="0" aborted="0" inconclusive="0" passedButRunAborted="0" notRunnable="0" notExecuted="0" disconnected="0" warning="0" completed="0" inProgress="0" pending="0" />
    <Output>
      <StdOut>[xUnit.net 00:00:00.00] xUnit.net VSTest Adapter v2.4.1 (64-bit .NET Core 4.6.27521.02)[xUnit.net 00:00:02.60]   Discovering: Synker.Application.Tests[xUnit.net 00:00:02.71]   Discovered:  Synker.Application.Tests[xUnit.net 00:00:02.73]   Starting:    Synker.Application.Tests[xUnit.net 00:00:03.02]   Finished:    Synker.Application.Tests</StdOut>
    </Output>
  </ResultSummary>
</TestRun>